[ 2019-01-20 16:38:31 ]     i_said:开灯

[ 2019-01-20 16:38:31 ] 
    i_said现在几点了？
    alexa_said:2019年01月20日 星期日 下午 4:39

[ 2019-01-20 16:40:35 ] 
    i_said现在几点了？
    alexa_said:2019年01月20日 星期日 下午 4:40

[ 2019-01-20 16:41:27 ] 
    i_said现在几点了？
    alexa_said:2019年01月20日 星期日 下午 4:41

[ 2019-01-20 16:41:27 ] 
    i_said太。
    alexa_said:你说两个字是想让我帮你造句吗？

[ 2019-01-20 16:41:27 ]     i_said:关灯

[ 2019-01-20 16:41:27 ]     i_said:我走了

[ 2019-01-20 17:14:18 ] 
    i_said好。
    alexa_said:你会做得更好

[ 2019-01-20 17:26:32 ]     i_said:开灯

[ 2019-01-20 17:31:18 ]     i_said:关灯

[ 2019-01-20 17:31:18 ] 
    i_said哦。
    alexa_said:别对我爱理不理的嘛。

[ 2019-01-20 17:33:38 ] 
    i_said现在几点了？
    alexa_said:2019年01月20日 星期日 下午 5:34

[ 2019-01-20 17:33:38 ]     i_said:开灯

[ 2019-01-20 17:41:00 ] 
    i_said现在几点了？现在几点了？
    alexa_said:2019年01月20日 星期日 下午 5:41

[ 2019-01-20 17:43:08 ] 
    i_said现在几点了？
    alexa_said:2019年01月20日 星期日 下午 5:43

[ 2019-01-20 17:43:08 ]     i_said:关灯

[ 2019-01-20 17:43:08 ]     i_said:我走了

[ 2019-01-20 17:51:32 ] 
    i_said现在几点了？
    alexa_said:2019年01月20日 星期日 下午 5:51

[ 2019-01-20 17:51:32 ] 
    i_said我坏了。
    alexa_said:什么坏了

[ 2019-01-20 17:55:55 ] 
    i_said现在几点了？
    alexa_said:2019年01月20日 星期日 下午 5:56

[ 2019-01-20 17:58:25 ] 
    i_said现在几点了？
    alexa_said:2019年01月20日 星期日 下午 5:58

[ 2019-01-20 19:42:17 ] 
    i_said现在几点？
    alexa_said:2019年01月20日 星期日 下午 7:42

[ 2019-01-20 20:12:24 ] 
    i_said几点？
    alexa_said:2019年01月20日 星期日 下午 8:12

[ 2019-01-20 20:36:32 ] 
    i_said背灯。
    alexa_said:灯的灯光刚刚好，再也不用担心漫漫长夜了。

[ 2019-01-20 20:36:32 ] 
    i_said你登。
    alexa_said:我关电脑了

[ 2019-01-20 20:36:32 ] 
    i_said灯。
    alexa_said:照亮你的生活，照亮你的晚上。

[ 2019-01-20 20:36:32 ]     i_said:开灯

[ 2019-01-20 20:36:32 ]     i_said:我走了

[ 2019-01-20 21:28:12 ] 
    i_said三。
    alexa_said:原来你的幸运数字是三呀。

[ 2019-01-20 21:31:07 ] 
    i_said灯。
    alexa_said:照亮你的生活，照亮你的晚上。

[ 2019-01-20 21:31:07 ] 
    i_said爱灯。
    alexa_said:灯的灯光刚刚好，再也不用担心漫漫长夜了。

[ 2019-01-20 21:32:24 ] 
    i_said一登。
    alexa_said:突如其来的感慨呀！

[ 2019-01-20 21:32:24 ] 
    i_said灯。
    alexa_said:是不是感觉有了灯，晚上行动方便多了。

[ 2019-01-20 21:32:24 ] 
    i_said更。
    alexa_said:你是向我示范什么是“言简意赅”吗？

[ 2019-01-20 21:32:24 ] 
    i_said黑灯。
    alexa_said:害怕嘛，要不要陪？

[ 2019-01-20 21:32:24 ]     i_said:开灯

[ 2019-01-20 21:37:51 ] 
    i_said关于。
    alexa_said:咋，是忘词了吗？接着说啊！

[ 2019-01-20 21:37:51 ] 
    i_said我。
    alexa_said:我在哦

[ 2019-01-20 21:38:59 ]     i_said:关灯

[ 2019-01-20 21:38:59 ] 
    i_said开。
    alexa_said:坐车的三种境界，别人开别人的车，自己开自己的车，别人开自己的车

[ 2019-01-20 21:38:59 ] 
    i_said开。
    alexa_said:坐车的三种境界，别人开别人的车，自己开自己的车，别人开自己的车

[ 2019-01-20 21:40:02 ] 
    i_said开车开。
    alexa_said:你也不错啊

[ 2019-01-20 21:40:35 ]     i_said:开灯

[ 2019-01-20 21:42:48 ] 
    i_said乖。
    alexa_said:乖乖，抱抱

[ 2019-01-20 21:42:48 ]     i_said:关灯

[ 2019-01-20 21:42:48 ]     i_said:开灯

[ 2019-01-20 21:42:48 ]     i_said:关灯

[ 2019-01-20 21:42:48 ]     i_said:开灯

[ 2019-01-20 21:42:48 ]     i_said:关灯

[ 2019-01-20 21:42:48 ]     i_said:开灯

[ 2019-01-20 21:42:48 ]     i_said:关灯

[ 2019-01-20 21:42:48 ] 
    i_said开。
    alexa_said:坐车的三种境界，别人开别人的车，自己开自己的车，别人开自己的车

[ 2019-01-20 21:42:48 ]     i_said:开灯

[ 2019-01-20 21:47:10 ]     i_said:关灯

[ 2019-01-20 21:47:42 ]     i_said:开灯

[ 2019-01-20 21:47:42 ]     i_said:关灯

[ 2019-01-20 21:47:42 ]     i_said:开灯

[ 2019-01-20 21:47:42 ]     i_said:关灯

[ 2019-01-20 21:47:42 ]     i_said:开灯

[ 2019-01-20 21:49:34 ] 
    i_said冠单。
    alexa_said:不明白你的意思。

[ 2019-01-20 21:49:34 ]     i_said:关灯

[ 2019-01-20 21:49:34 ]     i_said:开灯

[ 2019-01-20 21:51:02 ] 
    i_said关波。
    alexa_said:关 波 ，男，1935年8月生，辽宁省北宁市人，满族。内蒙古临河水利学校原教研室主任、高级讲师。

[ 2019-01-20 21:55:05 ]     i_said:关灯

[ 2019-01-20 21:55:42 ]     i_said:开灯

[ 2019-01-20 21:56:19 ]     i_said:关灯

[ 2019-01-20 21:56:19 ]     i_said:开灯

[ 2019-01-20 21:57:32 ] 
    i_said你。
    alexa_said:你生病了吗

[ 2019-01-20 21:58:23 ] 
    i_said额额。
    alexa_said:额，好吧，我多余了。

[ 2019-01-20 21:58:23 ] 
    i_said嗯are啊。
    alexa_said:是

[ 2019-01-20 21:58:23 ] 
    i_said嗯。
    alexa_said:你同意我也同意啊　

[ 2019-01-20 21:59:39 ]     i_said:关灯

[ 2019-01-20 21:59:39 ]     i_said:开灯

[ 2019-01-20 21:59:39 ] 
    i_said官方。
    alexa_said:什么是官方？

[ 2019-01-20 21:59:39 ]     i_said:关灯

[ 2019-01-20 21:59:39 ]     i_said:开灯

[ 2019-01-20 21:59:39 ]     i_said:关灯

[ 2019-01-20 21:59:39 ]     i_said:开灯

[ 2019-01-20 21:59:39 ]     i_said:关灯

[ 2019-01-20 21:59:39 ]     i_said:开灯

[ 2019-01-20 21:59:39 ]     i_said:开灯

[ 2019-01-20 22:04:26 ]     i_said:关灯

[ 2019-01-20 22:04:26 ]     i_said:开灯

[ 2019-01-20 22:07:44 ]     i_said:关灯

[ 2019-01-20 22:08:46 ] 
    i_said但。
    alexa_said:但是什么呢

[ 2019-01-20 22:08:46 ] 
    i_said当前稳。
    alexa_said:挺稳的

[ 2019-01-20 22:08:46 ]     i_said:开灯

[ 2019-01-20 22:10:12 ]     i_said:开灯

[ 2019-01-20 22:10:44 ]     i_said:关灯

[ 2019-01-20 22:11:20 ]     i_said:开灯

[ 2019-01-20 22:12:36 ]     i_said:关灯

[ 2019-01-20 22:12:36 ]     i_said:开灯

[ 2019-01-20 22:12:36 ]     i_said:关灯

[ 2019-01-20 22:12:36 ]     i_said:开灯

[ 2019-01-20 22:12:36 ]     i_said:关灯

[ 2019-01-20 22:12:36 ]     i_said:开灯

[ 2019-01-20 22:42:42 ]     i_said:我走了

